<?xml version="1.0" encoding="UTF-8"?>
<!-- Generated by org.testng.reporters.JUnitXMLReporter -->
<testsuite hostname="Jay" ignored="0" name="Surefire test" tests="2" failures="1" timestamp="13 Oct 2021 07:43:12 GMT" time="2.716" errors="0">
  <testcase name="getdata123" time="2.646" classname="ToolsQA.ChinaTest">
    <failure type="org.openqa.selenium.SessionNotCreatedException" message="session not created: This version of ChromeDriver only supports Chrome version 90
Current browser version is 94.0.4606.71 with binary path C:\Program Files (x86)\Google\Chrome\Application\chrome.exe
Build info: version: &amp;apos;3.141.59&amp;apos;, revision: &amp;apos;e82be7d358&amp;apos;, time: &amp;apos;2018-11-14T08:17:03&amp;apos;
System info: host: &amp;apos;JAY&amp;apos;, ip: &amp;apos;192.168.56.1&amp;apos;, os.name: &amp;apos;Windows 10&amp;apos;, os.arch: &amp;apos;amd64&amp;apos;, os.version: &amp;apos;10.0&amp;apos;, java.version: &amp;apos;1.8.0_111&amp;apos;
Driver info: driver.version: ChromeDriver
remote stacktrace: Backtrace:
	Ordinal0 [0x00C2C013+2474003]
	Ordinal0 [0x00BC29C1+2042305]
	Ordinal0 [0x00AD2F68+1060712]
	Ordinal0 [0x00AF188E+1185934]
	Ordinal0 [0x00AED600+1168896]
	Ordinal0 [0x00AEAA83+1157763]
	Ordinal0 [0x00B1A2A2+1352354]
	Ordinal0 [0x00B18FAA+1347498]
	Ordinal0 [0x00B166DB+1337051]
	Ordinal0 [0x00AF3427+1192999]
	Ordinal0 [0x00AF42EE+1196782]
	Ordinal0 [0x00AF4279+1196665]
	GetHandleVerifier [0x00DB96FC+1590332]
	GetHandleVerifier [0x00E68614+2306900]
	GetHandleVerifier [0x00CB9E93+543699]
	GetHandleVerifier [0x00CB92CE+540686]
	Ordinal0 [0x00BC86BA+2066106]
	Ordinal0 [0x00BCD1C8+2085320]
	Ordinal0 [0x00BCD308+2085640]
	Ordinal0 [0x00BD67F3+2123763]
	BaseThreadInitThunk [0x77048494+36]
	RtlAreBitsSet [0x772641C8+136]
	RtlAreBitsSet [0x77264198+88]
">
      <![CDATA[org.openqa.selenium.SessionNotCreatedException: session not created: This version of ChromeDriver only supports Chrome version 90
Current browser version is 94.0.4606.71 with binary path C:\Program Files (x86)\Google\Chrome\Application\chrome.exe
Build info: version: '3.141.59', revision: 'e82be7d358', time: '2018-11-14T08:17:03'
System info: host: 'JAY', ip: '192.168.56.1', os.name: 'Windows 10', os.arch: 'amd64', os.version: '10.0', java.version: '1.8.0_111'
Driver info: driver.version: ChromeDriver
remote stacktrace: Backtrace:
Ordinal0 [0x00C2C013+2474003]
Ordinal0 [0x00BC29C1+2042305]
Ordinal0 [0x00AD2F68+1060712]
Ordinal0 [0x00AF188E+1185934]
Ordinal0 [0x00AED600+1168896]
Ordinal0 [0x00AEAA83+1157763]
Ordinal0 [0x00B1A2A2+1352354]
Ordinal0 [0x00B18FAA+1347498]
Ordinal0 [0x00B166DB+1337051]
Ordinal0 [0x00AF3427+1192999]
Ordinal0 [0x00AF42EE+1196782]
Ordinal0 [0x00AF4279+1196665]
GetHandleVerifier [0x00DB96FC+1590332]
GetHandleVerifier [0x00E68614+2306900]
GetHandleVerifier [0x00CB9E93+543699]
GetHandleVerifier [0x00CB92CE+540686]
Ordinal0 [0x00BC86BA+2066106]
Ordinal0 [0x00BCD1C8+2085320]
Ordinal0 [0x00BCD308+2085640]
Ordinal0 [0x00BD67F3+2123763]
BaseThreadInitThunk [0x77048494+36]
RtlAreBitsSet [0x772641C8+136]
RtlAreBitsSet [0x77264198+88]

at org.openqa.selenium.remote.W3CHandshakeResponse.lambda$errorHandler$0(W3CHandshakeResponse.java:62)
at org.openqa.selenium.remote.HandshakeResponse.lambda$getResponseFunction$0(HandshakeResponse.java:30)
at org.openqa.selenium.remote.ProtocolHandshake.lambda$createSession$0(ProtocolHandshake.java:126)
at java.util.stream.ReferencePipeline$3$1.accept(ReferencePipeline.java:193)
at java.util.Spliterators$ArraySpliterator.tryAdvance(Spliterators.java:958)
at java.util.stream.ReferencePipeline.forEachWithCancel(ReferencePipeline.java:126)
at java.util.stream.AbstractPipeline.copyIntoWithCancel(AbstractPipeline.java:498)
at java.util.stream.AbstractPipeline.copyInto(AbstractPipeline.java:485)
at java.util.stream.AbstractPipeline.wrapAndCopyInto(AbstractPipeline.java:471)
at java.util.stream.FindOps$FindOp.evaluateSequential(FindOps.java:152)
at java.util.stream.AbstractPipeline.evaluate(AbstractPipeline.java:234)
at java.util.stream.ReferencePipeline.findFirst(ReferencePipeline.java:464)
at org.openqa.selenium.remote.ProtocolHandshake.createSession(ProtocolHandshake.java:128)
at org.openqa.selenium.remote.ProtocolHandshake.createSession(ProtocolHandshake.java:74)
at org.openqa.selenium.remote.HttpCommandExecutor.execute(HttpCommandExecutor.java:136)
at org.openqa.selenium.remote.service.DriverCommandExecutor.execute(DriverCommandExecutor.java:83)
at org.openqa.selenium.remote.RemoteWebDriver.execute(RemoteWebDriver.java:552)
at org.openqa.selenium.remote.RemoteWebDriver.startSession(RemoteWebDriver.java:213)
at org.openqa.selenium.remote.RemoteWebDriver.<init>(RemoteWebDriver.java:131)
at org.openqa.selenium.chrome.ChromeDriver.<init>(ChromeDriver.java:181)
at org.openqa.selenium.chrome.ChromeDriver.<init>(ChromeDriver.java:168)
at org.openqa.selenium.chrome.ChromeDriver.<init>(ChromeDriver.java:123)
at resources.Base.initializeDriver(Base.java:27)
at ToolsQA.ChinaTest.getdata123(ChinaTest.java:20)
... Removed 34 stack frames]]>
    </failure>
  </testcase> <!-- getdata123 -->
  <testcase name="postjira" time="0.0" classname="ToolsQA.SeleniumTest"/>
</testsuite> <!-- Surefire test -->
